<?xml version="1.0" encoding="UTF-8"?>
<!-- Generated by org.testng.reporters.JUnitReportReporter -->
<testsuite hostname="INDLT-35JV373" failures="0" tests="1" name="selenium.MavenSelProject.Test2" time="0.002" errors="0" timestamp="2022-02-14T16:26:53 IST" skipped="0">
  <testcase classname="selenium.MavenSelProject.Test2" name="IsDisplayTest" time="0.002"/>
  <system-out/>
</testsuite> <!-- selenium.MavenSelProject.Test2 -->
