<?xml version="1.0" encoding="UTF-8"?>
<!-- Generated by org.testng.reporters.JUnitReportReporter -->
<testsuite hostname="INDLT-35JV373" failures="0" tests="1" name="selenium.MavenSelProject.ExtentReporting" time="6.352" errors="0" timestamp="2022-02-15T14:43:17 IST" skipped="0">
  <testcase classname="selenium.MavenSelProject.ExtentReporting" name="initialDemo" time="6.352"/>
  <system-out/>
</testsuite> <!-- selenium.MavenSelProject.ExtentReporting -->
