<?xml version="1.0" encoding="UTF-8"?>
<!-- Generated by org.testng.reporters.JUnitReportReporter -->
<testsuite hostname="INDLT-35JV373" failures="0" tests="3" name="selenium.MavenSelProject.TestTest" time="0.001" errors="0" timestamp="2022-02-15T14:49:17 IST" skipped="0">
  <testcase classname="selenium.MavenSelProject.TestTest" name="TestTest1" time="0.000"/>
  <system-out/>
  <testcase classname="selenium.MavenSelProject.TestTest" name="TestTest2" time="0.001"/>
  <system-out/>
  <testcase classname="selenium.MavenSelProject.TestTest" name="TestTest3" time="0.000"/>
  <system-out/>
</testsuite> <!-- selenium.MavenSelProject.TestTest -->
