<?xml version="1.0" encoding="UTF-8"?>
<!-- Generated by org.testng.reporters.JUnitReportReporter -->
<testsuite hostname="INDLT-35JV373" failures="0" tests="3" name="selenium.MavenSelProject.Main" time="0.004" errors="0" timestamp="2022-02-15T14:49:17 IST" skipped="0">
  <testcase classname="selenium.MavenSelProject.Main" name="Main1" time="0.003"/>
  <system-out/>
  <testcase classname="selenium.MavenSelProject.Main" name="Main2" time="0.001"/>
  <system-out/>
  <testcase classname="selenium.MavenSelProject.Main" name="Main3" time="0.000"/>
  <system-out/>
</testsuite> <!-- selenium.MavenSelProject.Main -->
