<?xml version="1.0" encoding="UTF-8"?>
<!-- Generated by org.testng.reporters.JUnitReportReporter -->
<testsuite hostname="INDLT-35JV373" failures="0" tests="3" name="selenium.MavenSelProject.MainTest" time="0.000" errors="0" timestamp="2022-02-15T14:49:17 IST" skipped="0">
  <testcase classname="selenium.MavenSelProject.MainTest" name="MainTest1" time="0.000"/>
  <system-out/>
  <testcase classname="selenium.MavenSelProject.MainTest" name="MainTest2" time="0.000"/>
  <system-out/>
  <testcase classname="selenium.MavenSelProject.MainTest" name="MainTest3" time="0.000"/>
  <system-out/>
</testsuite> <!-- selenium.MavenSelProject.MainTest -->
