<?xml version="1.0" encoding="UTF-8"?>
<!-- Generated by org.testng.reporters.JUnitReportReporter -->
<testsuite hostname="INDLT-35JV373" failures="0" tests="1" name="selenium.MavenSelProject.Main2" time="0.005" errors="0" timestamp="2022-02-14T16:41:46 IST" skipped="0">
  <testcase classname="selenium.MavenSelProject.Main2" name="IsDisplayTest" time="0.005"/>
  <system-out/>
</testsuite> <!-- selenium.MavenSelProject.Main2 -->
