<?xml version="1.0" encoding="UTF-8"?>
<!-- Generated by org.testng.reporters.JUnitReportReporter -->
<testsuite hostname="INDLT-35JV373" failures="0" tests="1" name="selenium.MavenSelProject.MyClassTest" time="35.209" errors="0" timestamp="2022-02-14T15:35:56 IST" skipped="0">
  <testcase classname="selenium.MavenSelProject.MyClassTest" name="IsDisplayTest" time="35.209"/>
  <system-out/>
</testsuite> <!-- selenium.MavenSelProject.MyClassTest -->
