<?xml version="1.0" encoding="UTF-8"?>
<!-- Generated by org.testng.reporters.JUnitReportReporter -->
<testsuite hostname="INDLT-35JV373" failures="0" tests="1" name="selenium.MavenSelProject.Main1Test" time="0.000" errors="0" timestamp="2022-02-14T16:41:46 IST" skipped="0">
  <testcase classname="selenium.MavenSelProject.Main1Test" name="IsDisplayTest" time="0.000"/>
  <system-out/>
</testsuite> <!-- selenium.MavenSelProject.Main1Test -->
