<?xml version="1.0" encoding="UTF-8"?>
<!-- Generated by org.testng.reporters.JUnitReportReporter -->
<testsuite hostname="INDLT-35JV373" failures="0" tests="3" name="selenium.MavenSelProject.Test1" time="0.001" errors="0" timestamp="2022-02-15T14:49:17 IST" skipped="0">
  <testcase classname="selenium.MavenSelProject.Test1" name="Test12" time="0.000"/>
  <system-out/>
  <testcase classname="selenium.MavenSelProject.Test1" name="Test13" time="0.000"/>
  <system-out/>
  <testcase classname="selenium.MavenSelProject.Test1" name="Test11" time="0.001"/>
  <system-out/>
</testsuite> <!-- selenium.MavenSelProject.Test1 -->
